<?xml version="1.0" encoding="UTF-8"?>
<!-- Generated by org.testng.reporters.JUnitReportReporter -->
<testsuite hostname="LAPTOP-UAD9QP4G" failures="0" tests="1" name="FUNCTION2.UpdateProfie" time="19.465" errors="0" timestamp="2024-03-12T21:48:38 ICT" skipped="0">
  <testcase classname="FUNCTION2.UpdateProfie" name="Action5" time="19.465"/>
  <system-out/>
</testsuite> <!-- FUNCTION2.UpdateProfie -->
