<?xml version="1.0" encoding="UTF-8"?>
<!-- Generated by org.testng.reporters.JUnitReportReporter -->
<testsuite hostname="LAPTOP-UAD9QP4G" failures="0" tests="1" name="FUNCTIONN.UpdateProfileWithSpecialCharacters" time="16.186" errors="0" timestamp="2024-02-24T10:25:04 ICT" skipped="0">
  <testcase classname="FUNCTIONN.UpdateProfileWithSpecialCharacters" name="UpdateProfile" time="16.186"/>
  <system-out/>
</testsuite> <!-- FUNCTIONN.UpdateProfileWithSpecialCharacters -->
