<?xml version="1.0" encoding="UTF-8"?>
<!-- Generated by org.testng.reporters.JUnitReportReporter -->
<testsuite hostname="LAPTOP-UAD9QP4G" failures="0" tests="6" name="HocHamHocVi.TImKiemCapBac" time="253.275" errors="0" timestamp="2024-03-24T02:41:13 ICT" skipped="0">
  <testcase classname="HocHamHocVi.TImKiemCapBac" name="SearchCapBac4" time="41.866"/>
  <system-out/>
  <testcase classname="HocHamHocVi.TImKiemCapBac" name="SearchCapBac5" time="41.657"/>
  <system-out/>
  <testcase classname="HocHamHocVi.TImKiemCapBac" name="SearchCapBac3" time="42.362"/>
  <system-out/>
  <testcase classname="HocHamHocVi.TImKiemCapBac" name="SearchCapBac6" time="41.759"/>
  <system-out/>
  <testcase classname="HocHamHocVi.TImKiemCapBac" name="SearchCapBac1" time="43.287"/>
  <system-out/>
  <testcase classname="HocHamHocVi.TImKiemCapBac" name="SearchCapBac2" time="42.344"/>
  <system-out/>
</testsuite> <!-- HocHamHocVi.TImKiemCapBac -->
