<?xml version="1.0" encoding="UTF-8"?>
<!-- Generated by org.testng.reporters.JUnitReportReporter -->
<testsuite hostname="LAPTOP-UAD9QP4G" failures="0" tests="1" name="FUNCTIONN.NewsInplace" time="13.039" errors="0" timestamp="2024-03-18T20:18:40 ICT" skipped="0">
  <testcase classname="FUNCTIONN.NewsInplace" name="xemtrangkhuvuc" time="13.039"/>
  <system-out/>
</testsuite> <!-- FUNCTIONN.NewsInplace -->
