<?xml version="1.0" encoding="UTF-8"?>
<!-- Generated by org.testng.reporters.JUnitReportReporter -->
<testsuite hostname="LAPTOP-UAD9QP4G" failures="0" tests="1" name="HocHamHocVi.XoaCapBac" time="12.870" errors="0" timestamp="2024-03-24T03:52:24 ICT" skipped="0">
  <testcase classname="HocHamHocVi.XoaCapBac" name="Actions4" time="12.870"/>
  <system-out/>
</testsuite> <!-- HocHamHocVi.XoaCapBac -->
