<?xml version="1.0" encoding="UTF-8"?>
<!-- Generated by org.testng.reporters.JUnitReportReporter -->
<testsuite hostname="LAPTOP-UAD9QP4G" failures="0" tests="2" name="Function.PopUp" time="41.622" errors="0" timestamp="2024-02-22T19:00:47 ICT" skipped="0">
  <testcase classname="Function.PopUp" name="Login" time="7.242"/>
  <system-out/>
  <testcase classname="Function.PopUp" name="Updateprofile" time="34.380"/>
  <system-out/>
</testsuite> <!-- Function.PopUp -->
