<?xml version="1.0" encoding="UTF-8"?>
<!-- Generated by org.testng.reporters.JUnitReportReporter -->
<testsuite hostname="LAPTOP-UAD9QP4G" failures="0" tests="1" name="FUNCTIONN.ViewNewsAtPhotoInEnglishPage" time="59.216" errors="0" timestamp="2024-03-30T18:50:07 ICT" skipped="0">
  <testcase classname="FUNCTIONN.ViewNewsAtPhotoInEnglishPage" name="Action" time="59.216"/>
  <system-out/>
</testsuite> <!-- FUNCTIONN.ViewNewsAtPhotoInEnglishPage -->
