<?xml version="1.0" encoding="UTF-8"?>
<!-- Generated by org.testng.reporters.JUnitReportReporter -->
<testsuite hostname="LAPTOP-UAD9QP4G" failures="0" tests="21" name="HocHamHocVi.ThemCapBac" time="258.303" errors="0" timestamp="2024-03-24T01:16:23 ICT" skipped="0">
  <testcase classname="HocHamHocVi.ThemCapBac" name="Action1" time="12.157"/>
  <system-out/>
  <testcase classname="HocHamHocVi.ThemCapBac" name="Action2" time="10.950"/>
  <system-out/>
  <testcase classname="HocHamHocVi.ThemCapBac" name="Action3" time="10.946"/>
  <system-out/>
  <testcase classname="HocHamHocVi.ThemCapBac" name="Action4" time="10.836"/>
  <system-out/>
  <testcase classname="HocHamHocVi.ThemCapBac" name="Action5" time="12.806"/>
  <system-out/>
  <testcase classname="HocHamHocVi.ThemCapBac" name="Action6" time="13.776"/>
  <system-out/>
  <testcase classname="HocHamHocVi.ThemCapBac" name="Action7" time="12.890"/>
  <system-out/>
  <testcase classname="HocHamHocVi.ThemCapBac" name="Action8" time="13.448"/>
  <system-out/>
  <testcase classname="HocHamHocVi.ThemCapBac" name="Action9" time="10.628"/>
  <system-out/>
  <testcase classname="HocHamHocVi.ThemCapBac" name="Action10" time="12.867"/>
  <system-out/>
  <testcase classname="HocHamHocVi.ThemCapBac" name="Action11" time="13.029"/>
  <system-out/>
  <testcase classname="HocHamHocVi.ThemCapBac" name="Action12" time="11.291"/>
  <system-out/>
  <testcase classname="HocHamHocVi.ThemCapBac" name="Action13" time="10.755"/>
  <system-out/>
  <testcase classname="HocHamHocVi.ThemCapBac" name="Action14" time="10.880"/>
  <system-out/>
  <testcase classname="HocHamHocVi.ThemCapBac" name="Action15" time="13.332"/>
  <system-out/>
  <testcase classname="HocHamHocVi.ThemCapBac" name="Action16" time="12.883"/>
  <system-out/>
  <testcase classname="HocHamHocVi.ThemCapBac" name="Action17" time="12.777"/>
  <system-out/>
  <testcase classname="HocHamHocVi.ThemCapBac" name="Action18" time="12.766"/>
  <system-out/>
  <testcase classname="HocHamHocVi.ThemCapBac" name="Action19" time="10.684"/>
  <system-out/>
  <testcase classname="HocHamHocVi.ThemCapBac" name="Action20" time="12.654"/>
  <system-out/>
  <testcase classname="HocHamHocVi.ThemCapBac" name="Action21" time="15.948"/>
  <system-out/>
</testsuite> <!-- HocHamHocVi.ThemCapBac -->
