<?xml version="1.0" encoding="UTF-8"?>
<!-- Generated by org.testng.reporters.JUnitReportReporter -->
<testsuite hostname="LAPTOP-UAD9QP4G" failures="0" tests="1" name="FUNCTIONN.Search_English" time="4.003" errors="0" timestamp="2024-03-30T16:53:14 ICT" skipped="0">
  <testcase classname="FUNCTIONN.Search_English" name="Search" time="4.003"/>
  <system-out/>
</testsuite> <!-- FUNCTIONN.Search_English -->
