<?xml version="1.0" encoding="UTF-8"?>
<!-- Generated by org.testng.reporters.JUnitReportReporter -->
<testsuite hostname="LAPTOP-UAD9QP4G" failures="0" tests="1" name="FUNCTIONN.LoginFailAccount" time="4.550" errors="0" timestamp="2024-03-01T23:05:26 ICT" skipped="0">
  <testcase classname="FUNCTIONN.LoginFailAccount" name="LoginFailEmail" time="4.550"/>
  <system-out/>
</testsuite> <!-- FUNCTIONN.LoginFailAccount -->
