<?xml version="1.0" encoding="UTF-8"?>
<!-- Generated by org.testng.reporters.JUnitReportReporter -->
<testsuite hostname="LAPTOP-UAD9QP4G" failures="0" tests="1" name="FUNCTIONN.InfographicAndUsuallyread" time="8.160" errors="0" timestamp="2024-03-15T22:36:35 ICT" skipped="0">
  <testcase classname="FUNCTIONN.InfographicAndUsuallyread" name="Actions" time="8.160"/>
  <system-out/>
</testsuite> <!-- FUNCTIONN.InfographicAndUsuallyread -->
