<?xml version="1.0" encoding="UTF-8"?>
<!-- Generated by org.testng.reporters.JUnitReportReporter -->
<testsuite hostname="LAPTOP-UAD9QP4G" failures="0" tests="1" name="FUNCTIONN.Watchvideo" time="11.278" errors="0" timestamp="2024-03-18T20:02:50 ICT" skipped="0">
  <testcase classname="FUNCTIONN.Watchvideo" name="Watchingvideo" time="11.278"/>
  <system-out/>
</testsuite> <!-- FUNCTIONN.Watchvideo -->
