<?xml version="1.0" encoding="UTF-8"?>
<!-- Generated by org.testng.reporters.JUnitReportReporter -->
<testsuite hostname="LAPTOP-UAD9QP4G" failures="0" tests="1" name="FUNCTION2.Staticals" time="10.576" errors="0" timestamp="2024-03-16T22:36:48 ICT" skipped="0">
  <testcase classname="FUNCTION2.Staticals" name="Search" time="10.576"/>
  <system-out/>
</testsuite> <!-- FUNCTION2.Staticals -->
