<?xml version="1.0" encoding="UTF-8"?>
<!-- Generated by org.testng.reporters.JUnitReportReporter -->
<testsuite hostname="LAPTOP-UAD9QP4G" failures="0" tests="1" name="KhangPhan.ViewStory" time="5.810" errors="0" timestamp="2024-04-02T10:32:05 ICT" skipped="0">
  <testcase classname="KhangPhan.ViewStory" name="viewstory" time="5.810"/>
  <system-out/>
</testsuite> <!-- KhangPhan.ViewStory -->
