<?xml version="1.0" encoding="UTF-8"?>
<!-- Generated by org.testng.reporters.JUnitReportReporter -->
<testsuite hostname="LAPTOP-UAD9QP4G" failures="0" tests="4" name="FUNCTION2.ThongKeSoGioQuyDoi_NamHoc_ChiTiet" time="14.673" errors="0" timestamp="2024-03-20T22:23:24 ICT" skipped="0">
  <testcase classname="FUNCTION2.ThongKeSoGioQuyDoi_NamHoc_ChiTiet" name="Action2" time="4.197"/>
  <system-out/>
  <testcase classname="FUNCTION2.ThongKeSoGioQuyDoi_NamHoc_ChiTiet" name="Action3" time="4.164"/>
  <system-out/>
  <testcase classname="FUNCTION2.ThongKeSoGioQuyDoi_NamHoc_ChiTiet" name="Action" time="2.152"/>
  <system-out/>
  <testcase classname="FUNCTION2.ThongKeSoGioQuyDoi_NamHoc_ChiTiet" name="Action4" time="4.160"/>
  <system-out/>
</testsuite> <!-- FUNCTION2.ThongKeSoGioQuyDoi_NamHoc_ChiTiet -->
