<?xml version="1.0" encoding="UTF-8"?>
<!-- Generated by org.testng.reporters.JUnitReportReporter -->
<testsuite hostname="LAPTOP-UAD9QP4G" failures="0" tests="8" name="SOGIOQUYDOITEST.TimKiemGiangVien_NamHoc_ChiTiet_Test" time="320.152" errors="0" timestamp="2024-04-07T00:58:18 ICT" skipped="0">
  <testcase classname="SOGIOQUYDOITEST.TimKiemGiangVien_NamHoc_ChiTiet_Test" name="SearchBangBieu1" time="39.490"/>
  <system-out/>
  <testcase classname="SOGIOQUYDOITEST.TimKiemGiangVien_NamHoc_ChiTiet_Test" name="SearchBangBieu4" time="41.504"/>
  <system-out/>
  <testcase classname="SOGIOQUYDOITEST.TimKiemGiangVien_NamHoc_ChiTiet_Test" name="SearchBangBieu6" time="39.664"/>
  <system-out/>
  <testcase classname="SOGIOQUYDOITEST.TimKiemGiangVien_NamHoc_ChiTiet_Test" name="SearchBangBieu8" time="39.783"/>
  <system-out/>
  <testcase classname="SOGIOQUYDOITEST.TimKiemGiangVien_NamHoc_ChiTiet_Test" name="SearchBangBieu7" time="39.636"/>
  <system-out/>
  <testcase classname="SOGIOQUYDOITEST.TimKiemGiangVien_NamHoc_ChiTiet_Test" name="SearchBangBieu3" time="41.111"/>
  <system-out/>
  <testcase classname="SOGIOQUYDOITEST.TimKiemGiangVien_NamHoc_ChiTiet_Test" name="SearchBangBieu5" time="37.543"/>
  <system-out/>
  <testcase classname="SOGIOQUYDOITEST.TimKiemGiangVien_NamHoc_ChiTiet_Test" name="SearchBangBieu2" time="41.421"/>
  <system-out/>
</testsuite> <!-- SOGIOQUYDOITEST.TimKiemGiangVien_NamHoc_ChiTiet_Test -->
