<?xml version="1.0" encoding="UTF-8"?>
<!-- Generated by org.testng.reporters.JUnitReportReporter -->
<testsuite hostname="LAPTOP-UAD9QP4G" failures="0" tests="2" name="QuanLyThoiKhoaBieuTest.XemThoiKhoaBieuTest" time="69.090" errors="0" timestamp="2024-03-28T17:01:27 ICT" skipped="0">
  <testcase classname="QuanLyThoiKhoaBieuTest.XemThoiKhoaBieuTest" name="Action1" time="62.323"/>
  <system-out/>
  <testcase classname="QuanLyThoiKhoaBieuTest.XemThoiKhoaBieuTest" name="Action2" time="6.767"/>
  <system-out/>
</testsuite> <!-- QuanLyThoiKhoaBieuTest.XemThoiKhoaBieuTest -->
