<?xml version="1.0" encoding="UTF-8"?>
<!-- Generated by org.testng.reporters.JUnitReportReporter -->
<testsuite hostname="LAPTOP-UAD9QP4G" failures="0" tests="8" name="SOGIOQUYDOITEST.TimKiemGiangVien_HocKy_BangBieu_Test" time="313.389" errors="0" timestamp="2024-04-06T22:56:28 ICT" skipped="0">
  <testcase classname="SOGIOQUYDOITEST.TimKiemGiangVien_HocKy_BangBieu_Test" name="SearchBangBieu1" time="38.415"/>
  <system-out/>
  <testcase classname="SOGIOQUYDOITEST.TimKiemGiangVien_HocKy_BangBieu_Test" name="SearchBangBieu3" time="39.824"/>
  <system-out/>
  <testcase classname="SOGIOQUYDOITEST.TimKiemGiangVien_HocKy_BangBieu_Test" name="SearchBangBieu6" time="39.378"/>
  <system-out/>
  <testcase classname="SOGIOQUYDOITEST.TimKiemGiangVien_HocKy_BangBieu_Test" name="SearchBangBieu5" time="37.314"/>
  <system-out/>
  <testcase classname="SOGIOQUYDOITEST.TimKiemGiangVien_HocKy_BangBieu_Test" name="SearchBangBieu8" time="39.465"/>
  <system-out/>
  <testcase classname="SOGIOQUYDOITEST.TimKiemGiangVien_HocKy_BangBieu_Test" name="SearchBangBieu7" time="39.458"/>
  <system-out/>
  <testcase classname="SOGIOQUYDOITEST.TimKiemGiangVien_HocKy_BangBieu_Test" name="SearchBangBieu2" time="39.790"/>
  <system-out/>
  <testcase classname="SOGIOQUYDOITEST.TimKiemGiangVien_HocKy_BangBieu_Test" name="SearchBangBieu4" time="39.745"/>
  <system-out/>
</testsuite> <!-- SOGIOQUYDOITEST.TimKiemGiangVien_HocKy_BangBieu_Test -->
