<?xml version="1.0" encoding="UTF-8"?>
<!-- Generated by org.testng.reporters.JUnitReportReporter -->
<testsuite hostname="LAPTOP-UAD9QP4G" failures="0" tests="2" name="FUNCTIONN.BanTinXaHoi" time="18.555" errors="0" timestamp="2024-03-18T21:10:48 ICT" skipped="0">
  <testcase classname="FUNCTIONN.BanTinXaHoi" name="TC_04" time="7.825"/>
  <system-out/>
  <testcase classname="FUNCTIONN.BanTinXaHoi" name="Action" time="10.730"/>
  <system-out/>
</testsuite> <!-- FUNCTIONN.BanTinXaHoi -->
