<?xml version="1.0" encoding="UTF-8"?>
<!-- Generated by org.testng.reporters.JUnitReportReporter -->
<testsuite hostname="LAPTOP-UAD9QP4G" failures="0" tests="1" name="FUNCTION2.AddNewMảo" time="7.544" errors="0" timestamp="2024-03-10T17:06:54 ICT" skipped="0">
  <testcase classname="FUNCTION2.AddNewMảo" name="Action" time="7.544"/>
  <system-out/>
</testsuite> <!-- FUNCTION2.AddNewMảo -->
