<?xml version="1.0" encoding="UTF-8"?>
<!-- Generated by org.testng.reporters.JUnitReportReporter -->
<testsuite hostname="LAPTOP-UAD9QP4G" failures="0" tests="6" name="FUNCTION2.Export_SoGioQuyDoi_NamHoc" time="143.683" errors="0" timestamp="2024-03-26T18:14:44 ICT" skipped="0">
  <testcase classname="FUNCTION2.Export_SoGioQuyDoi_NamHoc" name="Export11" time="13.747"/>
  <system-out/>
  <testcase classname="FUNCTION2.Export_SoGioQuyDoi_NamHoc" name="Export12" time="17.855"/>
  <system-out/>
  <testcase classname="FUNCTION2.Export_SoGioQuyDoi_NamHoc" name="Export13" time="67.296"/>
  <system-out/>
  <testcase classname="FUNCTION2.Export_SoGioQuyDoi_NamHoc" name="Export14" time="13.997"/>
  <system-out/>
  <testcase classname="FUNCTION2.Export_SoGioQuyDoi_NamHoc" name="Export15" time="13.751"/>
  <system-out/>
  <testcase classname="FUNCTION2.Export_SoGioQuyDoi_NamHoc" name="Export16" time="17.037"/>
  <system-out/>
</testsuite> <!-- FUNCTION2.Export_SoGioQuyDoi_NamHoc -->
