<?xml version="1.0" encoding="UTF-8"?>
<!-- Generated by org.testng.reporters.JUnitReportReporter -->
<testsuite hostname="LAPTOP-UAD9QP4G" failures="0" tests="1" name="FUNCTIONN.UpdateProfileWithSpeacialCharacters" time="34.116" errors="0" timestamp="2024-02-23T09:47:50 ICT" skipped="0">
  <testcase classname="FUNCTIONN.UpdateProfileWithSpeacialCharacters" name="Updateprofile" time="34.116"/>
  <system-out/>
</testsuite> <!-- FUNCTIONN.UpdateProfileWithSpeacialCharacters -->
