<?xml version="1.0" encoding="UTF-8"?>
<!-- Generated by org.testng.reporters.JUnitReportReporter -->
<testsuite hostname="LAPTOP-UAD9QP4G" failures="0" tests="1" name="FUNCTIONN.UpdateProfileWithUnlimitedData" time="19.282" errors="0" timestamp="2024-02-24T10:37:33 ICT" skipped="0">
  <testcase classname="FUNCTIONN.UpdateProfileWithUnlimitedData" name="UpdateProfile" time="19.282"/>
  <system-out/>
</testsuite> <!-- FUNCTIONN.UpdateProfileWithUnlimitedData -->
