<?xml version="1.0" encoding="UTF-8"?>
<!-- Generated by org.testng.reporters.JUnitReportReporter -->
<testsuite hostname="LAPTOP-UAD9QP4G" failures="0" tests="1" name="SOGIOQUYDOI.Export_SoGioQuyDoi_HocKy" time="16.023" errors="0" timestamp="2024-03-26T20:13:36 ICT" skipped="0">
  <testcase classname="SOGIOQUYDOI.Export_SoGioQuyDoi_HocKy" name="Export1" time="16.023"/>
  <system-out/>
</testsuite> <!-- SOGIOQUYDOI.Export_SoGioQuyDoi_HocKy -->
