<?xml version="1.0" encoding="UTF-8"?>
<!-- Generated by org.testng.reporters.JUnitReportReporter -->
<testsuite hostname="LAPTOP-UAD9QP4G" failures="0" tests="1" name="FUNCTIONN.authenticationTest" time="4.434" errors="0" timestamp="2024-03-24T19:18:48 ICT" skipped="0">
  <testcase classname="FUNCTIONN.authenticationTest" name="TC_04_usecookies" time="4.434"/>
  <system-out/>
</testsuite> <!-- FUNCTIONN.authenticationTest -->
