<?xml version="1.0" encoding="UTF-8"?>
<!-- Generated by org.testng.reporters.JUnitReportReporter -->
<testsuite hostname="LAPTOP-UAD9QP4G" failures="0" tests="1" name="FUNCTION2.ViewBySemester" time="5.489" errors="0" timestamp="2024-03-16T21:33:34 ICT" skipped="0">
  <testcase classname="FUNCTION2.ViewBySemester" name="View" time="5.489"/>
  <system-out/>
</testsuite> <!-- FUNCTION2.ViewBySemester -->
