<?xml version="1.0" encoding="UTF-8"?>
<!-- Generated by org.testng.reporters.JUnitReportReporter -->
<testsuite hostname="LAPTOP-UAD9QP4G" failures="0" tests="1" name="FUNCTIONN.ViewStory" time="3.087" errors="0" timestamp="2024-03-18T19:45:45 ICT" skipped="0">
  <testcase classname="FUNCTIONN.ViewStory" name="viewstory" time="3.087"/>
  <system-out/>
</testsuite> <!-- FUNCTIONN.ViewStory -->
