<?xml version="1.0" encoding="UTF-8"?>
<!-- Generated by org.testng.reporters.JUnitReportReporter -->
<testsuite hostname="LAPTOP-UAD9QP4G" failures="0" tests="2" name="FUNCTIONN.UpdateProfileNegative" time="26.933" errors="0" timestamp="2024-03-23T19:41:37 ICT" skipped="0">
  <testcase classname="FUNCTIONN.UpdateProfileNegative" name="Updateprofile" time="19.463"/>
  <system-out/>
  <testcase classname="FUNCTIONN.UpdateProfileNegative" name="Login" time="7.470"/>
  <system-out/>
</testsuite> <!-- FUNCTIONN.UpdateProfileNegative -->
