<?xml version="1.0" encoding="UTF-8"?>
<!-- Generated by org.testng.reporters.JUnitReportReporter -->
<testsuite hostname="LAPTOP-UAD9QP4G" failures="0" tests="8" name="QuanLyHocKiTest.ChinhSuaHocKyTest" time="209.273" errors="0" timestamp="2024-03-30T22:53:12 ICT" skipped="0">
  <testcase classname="QuanLyHocKiTest.ChinhSuaHocKyTest" name="Action4" time="25.921"/>
  <system-out/>
  <testcase classname="QuanLyHocKiTest.ChinhSuaHocKyTest" name="Action" time="30.012"/>
  <system-out/>
  <testcase classname="QuanLyHocKiTest.ChinhSuaHocKyTest" name="Action5" time="25.910"/>
  <system-out/>
  <testcase classname="QuanLyHocKiTest.ChinhSuaHocKyTest" name="Action6" time="25.768"/>
  <system-out/>
  <testcase classname="QuanLyHocKiTest.ChinhSuaHocKyTest" name="Action7" time="25.819"/>
  <system-out/>
  <testcase classname="QuanLyHocKiTest.ChinhSuaHocKyTest" name="Action8" time="26.063"/>
  <system-out/>
  <testcase classname="QuanLyHocKiTest.ChinhSuaHocKyTest" name="Action2" time="23.833"/>
  <system-out/>
  <testcase classname="QuanLyHocKiTest.ChinhSuaHocKyTest" name="Action3" time="25.947"/>
  <system-out/>
</testsuite> <!-- QuanLyHocKiTest.ChinhSuaHocKyTest -->
