<?xml version="1.0" encoding="UTF-8"?>
<!-- Generated by org.testng.reporters.JUnitReportReporter -->
<testsuite hostname="LAPTOP-UAD9QP4G" failures="0" tests="4" name="FUNCTION2.AddNewTerm" time="103.263" errors="0" timestamp="2024-03-12T19:04:14 ICT" skipped="0">
  <testcase classname="FUNCTION2.AddNewTerm" name="Action4" time="25.828"/>
  <system-out/>
  <testcase classname="FUNCTION2.AddNewTerm" name="Action6" time="25.791"/>
  <system-out/>
  <testcase classname="FUNCTION2.AddNewTerm" name="Action5" time="23.730"/>
  <system-out/>
  <testcase classname="FUNCTION2.AddNewTerm" name="Action3" time="27.914"/>
  <system-out/>
</testsuite> <!-- FUNCTION2.AddNewTerm -->
