<?xml version="1.0" encoding="UTF-8"?>
<!-- Generated by org.testng.reporters.JUnitReportReporter -->
<testsuite hostname="LAPTOP-UAD9QP4G" failures="0" tests="1" name="FUNCTIONN.Worldnewathome" time="18.846" errors="0" timestamp="2024-03-18T20:32:06 ICT" skipped="0">
  <testcase classname="FUNCTIONN.Worldnewathome" name="xemtinhegioi" time="18.846"/>
  <system-out/>
</testsuite> <!-- FUNCTIONN.Worldnewathome -->
