<?xml version="1.0" encoding="UTF-8"?>
<!-- Generated by org.testng.reporters.JUnitReportReporter -->
<testsuite hostname="LAPTOP-UAD9QP4G" failures="0" tests="2" name="vnplus.SaveNews" time="11.982" errors="0" timestamp="2024-03-18T19:30:50 ICT" skipped="0">
  <testcase classname="vnplus.SaveNews" name="Login" time="4.864"/>
  <system-out/>
  <testcase classname="vnplus.SaveNews" name="SaveNew" time="7.118"/>
  <system-out/>
</testsuite> <!-- vnplus.SaveNews -->
