<?xml version="1.0" encoding="UTF-8"?>
<!-- Generated by org.testng.reporters.JUnitReportReporter -->
<testsuite hostname="LAPTOP-UAD9QP4G" failures="0" tests="1" name="FUNCTIONN.docnhieu" time="6.907" errors="0" timestamp="2024-03-18T21:12:30 ICT" skipped="0">
  <testcase classname="FUNCTIONN.docnhieu" name="xem" time="6.907"/>
  <system-out/>
</testsuite> <!-- FUNCTIONN.docnhieu -->
