<?xml version="1.0" encoding="UTF-8"?>
<!-- Generated by org.testng.reporters.JUnitReportReporter -->
<testsuite hostname="LAPTOP-UAD9QP4G" failures="0" tests="2" name="FUNCTION2.ThongKeSoGioQuyDoi" time="12.470" errors="0" timestamp="2024-03-20T12:29:31 ICT" skipped="0">
  <testcase classname="FUNCTION2.ThongKeSoGioQuyDoi" name="Action2" time="10.333"/>
  <system-out/>
  <testcase classname="FUNCTION2.ThongKeSoGioQuyDoi" name="Action" time="2.137"/>
  <system-out/>
</testsuite> <!-- FUNCTION2.ThongKeSoGioQuyDoi -->
