<?xml version="1.0" encoding="UTF-8"?>
<!-- Generated by org.testng.reporters.JUnitReportReporter -->
<testsuite hostname="LAPTOP-UAD9QP4G" failures="0" tests="8" name="FUNCTION2.TimKiemGiangVien_NamHoc_ChiTiet" time="317.173" errors="0" timestamp="2024-03-20T23:38:44 ICT" skipped="0">
  <testcase classname="FUNCTION2.TimKiemGiangVien_NamHoc_ChiTiet" name="SearchBangBieu1" time="39.203"/>
  <system-out/>
  <testcase classname="FUNCTION2.TimKiemGiangVien_NamHoc_ChiTiet" name="SearchBangBieu7" time="39.690"/>
  <system-out/>
  <testcase classname="FUNCTION2.TimKiemGiangVien_NamHoc_ChiTiet" name="SearchBangBieu2" time="40.470"/>
  <system-out/>
  <testcase classname="FUNCTION2.TimKiemGiangVien_NamHoc_ChiTiet" name="SearchBangBieu6" time="39.596"/>
  <system-out/>
  <testcase classname="FUNCTION2.TimKiemGiangVien_NamHoc_ChiTiet" name="SearchBangBieu3" time="40.672"/>
  <system-out/>
  <testcase classname="FUNCTION2.TimKiemGiangVien_NamHoc_ChiTiet" name="SearchBangBieu4" time="40.394"/>
  <system-out/>
  <testcase classname="FUNCTION2.TimKiemGiangVien_NamHoc_ChiTiet" name="SearchBangBieu5" time="37.503"/>
  <system-out/>
  <testcase classname="FUNCTION2.TimKiemGiangVien_NamHoc_ChiTiet" name="SearchBangBieu8" time="39.645"/>
  <system-out/>
</testsuite> <!-- FUNCTION2.TimKiemGiangVien_NamHoc_ChiTiet -->
