<?xml version="1.0" encoding="UTF-8"?>
<!-- Generated by org.testng.reporters.JUnitReportReporter -->
<testsuite hostname="LAPTOP-UAD9QP4G" failures="0" tests="5" name="FUNCTION2.AddUser2" time="93.054" errors="0" timestamp="2024-03-11T21:57:32 ICT" skipped="0">
  <testcase classname="FUNCTION2.AddUser2" name="Actions" time="17.885"/>
  <system-out/>
  <testcase classname="FUNCTION2.AddUser2" name="Actions2" time="18.696"/>
  <system-out/>
  <testcase classname="FUNCTION2.AddUser2" name="Actions3" time="19.031"/>
  <system-out/>
  <testcase classname="FUNCTION2.AddUser2" name="Actions4" time="18.684"/>
  <system-out/>
  <testcase classname="FUNCTION2.AddUser2" name="Actions5" time="18.758"/>
  <system-out/>
</testsuite> <!-- FUNCTION2.AddUser2 -->
