<?xml version="1.0" encoding="UTF-8"?>
<!-- Generated by org.testng.reporters.JUnitReportReporter -->
<testsuite hostname="LAPTOP-UAD9QP4G" failures="0" tests="1" name="FUNCTION2.UpdateTerm" time="30.339" errors="0" timestamp="2024-03-09T19:27:15 ICT" skipped="0">
  <testcase classname="FUNCTION2.UpdateTerm" name="Action" time="30.339"/>
  <system-out/>
</testsuite> <!-- FUNCTION2.UpdateTerm -->
