<?xml version="1.0" encoding="UTF-8"?>
<!-- Generated by org.testng.reporters.JUnitReportReporter -->
<testsuite hostname="LAPTOP-UAD9QP4G" failures="0" tests="1" name="HocHamHocVi.SuaHocHamHocVi" time="14.803" errors="0" timestamp="2024-04-03T11:34:06 ICT" skipped="0">
  <testcase classname="HocHamHocVi.SuaHocHamHocVi" name="Actions8" time="14.803"/>
  <system-out/>
</testsuite> <!-- HocHamHocVi.SuaHocHamHocVi -->
