<?xml version="1.0" encoding="UTF-8"?>
<!-- Generated by org.testng.reporters.JUnitReportReporter -->
<testsuite hostname="LAPTOP-UAD9QP4G" failures="0" tests="2" name="FUNCTION2.ThongKeSoGioQuyDoi_NamHoc_BangBieu" time="9.750" errors="0" timestamp="2024-03-25T14:18:21 ICT" skipped="0">
  <testcase classname="FUNCTION2.ThongKeSoGioQuyDoi_NamHoc_BangBieu" name="Action" time="2.159"/>
  <system-out/>
  <testcase classname="FUNCTION2.ThongKeSoGioQuyDoi_NamHoc_BangBieu" name="Action5" time="7.591"/>
  <system-out/>
</testsuite> <!-- FUNCTION2.ThongKeSoGioQuyDoi_NamHoc_BangBieu -->
