<?xml version="1.0" encoding="UTF-8"?>
<!-- Generated by org.testng.reporters.JUnitReportReporter -->
<testsuite hostname="LAPTOP-UAD9QP4G" failures="0" tests="6" name="FUNCTION2.ThemNguoiDung" time="120.328" errors="0" timestamp="2024-03-17T03:32:11 ICT" skipped="0">
  <testcase classname="FUNCTION2.ThemNguoiDung" name="Actions" time="18.702"/>
  <system-out/>
  <testcase classname="FUNCTION2.ThemNguoiDung" name="Actions2" time="19.156"/>
  <system-out/>
  <testcase classname="FUNCTION2.ThemNguoiDung" name="Actions3" time="19.185"/>
  <system-out/>
  <testcase classname="FUNCTION2.ThemNguoiDung" name="Actions4" time="19.219"/>
  <system-out/>
  <testcase classname="FUNCTION2.ThemNguoiDung" name="Actions5" time="19.292"/>
  <system-out/>
  <testcase classname="FUNCTION2.ThemNguoiDung" name="Actions6" time="24.774"/>
  <system-out/>
</testsuite> <!-- FUNCTION2.ThemNguoiDung -->
