<?xml version="1.0" encoding="UTF-8"?>
<!-- Generated by org.testng.reporters.JUnitReportReporter -->
<testsuite hostname="LAPTOP-UAD9QP4G" failures="0" tests="1" name="vnplus.BanTinDoiSong" time="10.062" errors="0" timestamp="2024-03-18T20:09:20 ICT" skipped="0">
  <testcase classname="vnplus.BanTinDoiSong" name="TC_04_usecookies" time="10.062"/>
  <system-out/>
</testsuite> <!-- vnplus.BanTinDoiSong -->
