<?xml version="1.0" encoding="UTF-8"?>
<!-- Generated by org.testng.reporters.JUnitReportReporter -->
<testsuite hostname="LAPTOP-UAD9QP4G" failures="0" tests="1" name="FUNCTIONN.InfographicRead" time="8.469" errors="0" timestamp="2024-03-18T20:17:04 ICT" skipped="0">
  <testcase classname="FUNCTIONN.InfographicRead" name="Actions" time="8.469"/>
  <system-out/>
</testsuite> <!-- FUNCTIONN.InfographicRead -->
