<?xml version="1.0" encoding="UTF-8"?>
<!-- Generated by org.testng.reporters.JUnitReportReporter -->
<testsuite hostname="LAPTOP-UAD9QP4G" failures="0" tests="8" name="HocHamHocVi.TImKiemHocHamHocVi" time="322.613" errors="0" timestamp="2024-03-23T23:10:56 ICT" skipped="0">
  <testcase classname="HocHamHocVi.TImKiemHocHamHocVi" name="SearchHocHamHocVi5" time="39.839"/>
  <system-out/>
  <testcase classname="HocHamHocVi.TImKiemHocHamHocVi" name="SearchHocHamHocVi3" time="40.882"/>
  <system-out/>
  <testcase classname="HocHamHocVi.TImKiemHocHamHocVi" name="SearchHocHamHocVi4" time="40.756"/>
  <system-out/>
  <testcase classname="HocHamHocVi.TImKiemHocHamHocVi" name="SearchHocHamHocVi" time="41.605"/>
  <system-out/>
  <testcase classname="HocHamHocVi.TImKiemHocHamHocVi" name="SearchHocHamHocVi2" time="40.470"/>
  <system-out/>
  <testcase classname="HocHamHocVi.TImKiemHocHamHocVi" name="SearchHocHamHocVi7" time="39.674"/>
  <system-out/>
  <testcase classname="HocHamHocVi.TImKiemHocHamHocVi" name="SearchHocHamHocVi8" time="39.590"/>
  <system-out/>
  <testcase classname="HocHamHocVi.TImKiemHocHamHocVi" name="SearchHocHamHocVi6" time="39.797"/>
  <system-out/>
</testsuite> <!-- HocHamHocVi.TImKiemHocHamHocVi -->
