<?xml version="1.0" encoding="UTF-8"?>
<!-- Generated by org.testng.reporters.JUnitReportReporter -->
<testsuite hostname="LAPTOP-UAD9QP4G" failures="0" tests="1" name="FUNCTIONN.ViewPodcast" time="4.956" errors="0" timestamp="2024-03-18T19:37:31 ICT" skipped="0">
  <testcase classname="FUNCTIONN.ViewPodcast" name="ViewPostCast" time="4.956"/>
  <system-out/>
</testsuite> <!-- FUNCTIONN.ViewPodcast -->
