<?xml version="1.0" encoding="UTF-8"?>
<!-- Generated by org.testng.reporters.JUnitReportReporter -->
<testsuite hostname="LAPTOP-UAD9QP4G" failures="0" tests="1" name="FUNCTIONN.NEW" time="36.414" errors="0" timestamp="2024-02-22T20:25:13 ICT" skipped="0">
  <testcase classname="FUNCTIONN.NEW" name="setup" time="36.414"/>
  <system-out/>
</testsuite> <!-- FUNCTIONN.NEW -->
