<?xml version="1.0" encoding="UTF-8"?>
<!-- Generated by org.testng.reporters.JUnitReportReporter -->
<testsuite hostname="LAPTOP-UAD9QP4G" failures="0" tests="1" name="FUNCTIONN.Xemtininforgraphic" time="10.065" errors="0" timestamp="2024-03-18T20:49:05 ICT" skipped="0">
  <testcase classname="FUNCTIONN.Xemtininforgraphic" name="xem" time="10.065"/>
  <system-out/>
</testsuite> <!-- FUNCTIONN.Xemtininforgraphic -->
