<?xml version="1.0" encoding="UTF-8"?>
<!-- Generated by org.testng.reporters.JUnitReportReporter -->
<testsuite hostname="LAPTOP-UAD9QP4G" failures="0" tests="1" name="FUNCTION2.AddUser" time="19.117" errors="0" timestamp="2024-03-09T12:43:00 ICT" skipped="0">
  <testcase classname="FUNCTION2.AddUser" name="Action" time="19.117"/>
  <system-out/>
</testsuite> <!-- FUNCTION2.AddUser -->
