<?xml version="1.0" encoding="UTF-8"?>
<!-- Generated by org.testng.reporters.JUnitReportReporter -->
<testsuite hostname="LAPTOP-UAD9QP4G" failures="0" tests="4" name="SOGIOQUYDOITEST.ChiTietMonHocBangBieuHocKyTest" time="153.155" errors="0" timestamp="2024-04-07T01:17:31 ICT" skipped="0">
  <testcase classname="SOGIOQUYDOITEST.ChiTietMonHocBangBieuHocKyTest" name="viewCourseDetailsWithMultipleData4" time="35.203"/>
  <system-out/>
  <testcase classname="SOGIOQUYDOITEST.ChiTietMonHocBangBieuHocKyTest" name="viewCourseDetailsWithMultipleData2" time="39.229"/>
  <system-out/>
  <testcase classname="SOGIOQUYDOITEST.ChiTietMonHocBangBieuHocKyTest" name="viewCourseDetailsWithMultipleData1" time="39.298"/>
  <system-out/>
  <testcase classname="SOGIOQUYDOITEST.ChiTietMonHocBangBieuHocKyTest" name="viewCourseDetailsWithMultipleData3" time="39.425"/>
  <system-out/>
</testsuite> <!-- SOGIOQUYDOITEST.ChiTietMonHocBangBieuHocKyTest -->
