<?xml version="1.0" encoding="UTF-8"?>
<!-- Generated by org.testng.reporters.JUnitReportReporter -->
<testsuite hostname="LAPTOP-UAD9QP4G" failures="0" tests="2" name="FUNCTIONN.NewsEvenClick" time="12.744" errors="0" timestamp="2024-03-18T19:51:41 ICT" skipped="0">
  <testcase classname="FUNCTIONN.NewsEvenClick" name="Login" time="5.272"/>
  <system-out/>
  <testcase classname="FUNCTIONN.NewsEvenClick" name="ClickNews" time="7.472"/>
  <system-out/>
</testsuite> <!-- FUNCTIONN.NewsEvenClick -->
