<?xml version="1.0" encoding="UTF-8"?>
<!-- Generated by org.testng.reporters.JUnitReportReporter -->
<testsuite hostname="LAPTOP-UAD9QP4G" failures="0" tests="2" name="ThoiKhoaBieu.XemThoiKhoaBieu" time="50.822" errors="0" timestamp="2024-03-28T16:48:20 ICT" skipped="0">
  <testcase classname="ThoiKhoaBieu.XemThoiKhoaBieu" name="Action1" time="44.110"/>
  <system-out/>
  <testcase classname="ThoiKhoaBieu.XemThoiKhoaBieu" name="Action2" time="6.712"/>
  <system-out/>
</testsuite> <!-- ThoiKhoaBieu.XemThoiKhoaBieu -->
