<?xml version="1.0" encoding="UTF-8"?>
<!-- Generated by org.testng.reporters.JUnitReportReporter -->
<testsuite hostname="LAPTOP-UAD9QP4G" failures="0" tests="1" name="FUNCTION2.Test2" time="18.883" errors="0" timestamp="2024-03-09T16:57:54 ICT" skipped="0">
  <testcase classname="FUNCTION2.Test2" name="Action" time="18.883"/>
  <system-out/>
</testsuite> <!-- FUNCTION2.Test2 -->
