<?xml version="1.0" encoding="UTF-8"?>
<!-- Generated by org.testng.reporters.JUnitReportReporter -->
<testsuite hostname="LAPTOP-UAD9QP4G" failures="0" tests="2" name="FUNCTIONN.ViewNewFromNotification" time="14.214" errors="0" timestamp="2024-03-18T19:32:12 ICT" skipped="0">
  <testcase classname="FUNCTIONN.ViewNewFromNotification" name="Login" time="9.305"/>
  <system-out/>
  <testcase classname="FUNCTIONN.ViewNewFromNotification" name="ViewNewsNotifi" time="4.909"/>
  <system-out/>
</testsuite> <!-- FUNCTIONN.ViewNewFromNotification -->
