<?xml version="1.0" encoding="UTF-8"?>
<!-- Generated by org.testng.reporters.JUnitReportReporter -->
<testsuite hostname="LAPTOP-UAD9QP4G" failures="0" tests="1" name="FUNCTIONN.NewsEvenClickFromNewsInMenu" time="19.178" errors="0" timestamp="2024-03-22T22:29:01 ICT" skipped="0">
  <testcase classname="FUNCTIONN.NewsEvenClickFromNewsInMenu" name="Menu" time="19.178"/>
  <system-out/>
</testsuite> <!-- FUNCTIONN.NewsEvenClickFromNewsInMenu -->
