<?xml version="1.0" encoding="UTF-8"?>
<!-- Generated by org.testng.reporters.JUnitReportReporter -->
<testsuite hostname="LAPTOP-UAD9QP4G" failures="0" tests="1" name="SOGIOQUYDOITEST.ChiTietMonHocBangBieuHocKyvaXemTheoCaGiangTest" time="36.458" errors="0" timestamp="2024-04-06T16:56:01 ICT" skipped="0">
  <testcase classname="SOGIOQUYDOITEST.ChiTietMonHocBangBieuHocKyvaXemTheoCaGiangTest" name="viewCourseDetailsWithMultipleData4" time="36.458"/>
  <system-out/>
</testsuite> <!-- SOGIOQUYDOITEST.ChiTietMonHocBangBieuHocKyvaXemTheoCaGiangTest -->
