<?xml version="1.0" encoding="UTF-8"?>
<!-- Generated by org.testng.reporters.JUnitReportReporter -->
<testsuite hostname="LAPTOP-UAD9QP4G" failures="0" tests="1" name="HocHamHocVi.ThemHocHamHocVi" time="12.407" errors="0" timestamp="2024-04-03T00:41:14 ICT" skipped="0">
  <testcase classname="HocHamHocVi.ThemHocHamHocVi" name="Action30" time="12.407"/>
  <system-out/>
</testsuite> <!-- HocHamHocVi.ThemHocHamHocVi -->
