<?xml version="1.0" encoding="UTF-8"?>
<!-- Generated by org.testng.reporters.JUnitReportReporter -->
<testsuite hostname="LAPTOP-UAD9QP4G" failures="0" tests="6" name="HocHamHocViTest.HienThiDuLieu_CapBac_Test" time="46.825" errors="0" timestamp="2024-04-07T19:31:44 ICT" skipped="0">
  <testcase classname="HocHamHocViTest.HienThiDuLieu_CapBac_Test" name="Action3" time="6.721"/>
  <system-out/>
  <testcase classname="HocHamHocViTest.HienThiDuLieu_CapBac_Test" name="Action2" time="6.638"/>
  <system-out/>
  <testcase classname="HocHamHocViTest.HienThiDuLieu_CapBac_Test" name="Action1" time="6.911"/>
  <system-out/>
  <testcase classname="HocHamHocViTest.HienThiDuLieu_CapBac_Test" name="Action4" time="8.760"/>
  <system-out/>
  <testcase classname="HocHamHocViTest.HienThiDuLieu_CapBac_Test" name="Action5" time="8.895"/>
  <system-out/>
  <testcase classname="HocHamHocViTest.HienThiDuLieu_CapBac_Test" name="Action6" time="8.900"/>
  <system-out/>
</testsuite> <!-- HocHamHocViTest.HienThiDuLieu_CapBac_Test -->
