<?xml version="1.0" encoding="UTF-8"?>
<!-- Generated by org.testng.reporters.JUnitReportReporter -->
<testsuite hostname="LAPTOP-UAD9QP4G" failures="0" tests="8" name="SOGIOQUYDOITEST.TimKiemGiangVien_NamHoc_BangBieu_Test" time="319.125" errors="0" timestamp="2024-04-07T00:21:34 ICT" skipped="0">
  <testcase classname="SOGIOQUYDOITEST.TimKiemGiangVien_NamHoc_BangBieu_Test" name="SearchBangBieu2" time="41.085"/>
  <system-out/>
  <testcase classname="SOGIOQUYDOITEST.TimKiemGiangVien_NamHoc_BangBieu_Test" name="SearchBangBieu5" time="37.442"/>
  <system-out/>
  <testcase classname="SOGIOQUYDOITEST.TimKiemGiangVien_NamHoc_BangBieu_Test" name="SearchBangBieu7" time="39.499"/>
  <system-out/>
  <testcase classname="SOGIOQUYDOITEST.TimKiemGiangVien_NamHoc_BangBieu_Test" name="SearchBangBieu8" time="39.590"/>
  <system-out/>
  <testcase classname="SOGIOQUYDOITEST.TimKiemGiangVien_NamHoc_BangBieu_Test" name="SearchBangBieu4" time="41.279"/>
  <system-out/>
  <testcase classname="SOGIOQUYDOITEST.TimKiemGiangVien_NamHoc_BangBieu_Test" name="SearchBangBieu6" time="39.474"/>
  <system-out/>
  <testcase classname="SOGIOQUYDOITEST.TimKiemGiangVien_NamHoc_BangBieu_Test" name="SearchBangBieu1" time="39.424"/>
  <system-out/>
  <testcase classname="SOGIOQUYDOITEST.TimKiemGiangVien_NamHoc_BangBieu_Test" name="SearchBangBieu3" time="41.332"/>
  <system-out/>
</testsuite> <!-- SOGIOQUYDOITEST.TimKiemGiangVien_NamHoc_BangBieu_Test -->
