<?xml version="1.0" encoding="UTF-8"?>
<!-- Generated by org.testng.reporters.JUnitReportReporter -->
<testsuite hostname="LAPTOP-UAD9QP4G" failures="0" tests="2" name="FUNCTIONN.UsuallyRead" time="12.217" errors="0" timestamp="2024-03-18T20:25:09 ICT" skipped="0">
  <testcase classname="FUNCTIONN.UsuallyRead" name="Actions" time="7.183"/>
  <system-out/>
  <testcase classname="FUNCTIONN.UsuallyRead" name="Actions2" time="5.034"/>
  <system-out/>
</testsuite> <!-- FUNCTIONN.UsuallyRead -->
