<?xml version="1.0" encoding="UTF-8"?>
<!-- Generated by org.testng.reporters.JUnitReportReporter -->
<testsuite hostname="LAPTOP-UAD9QP4G" failures="0" tests="4" name="QuanLyHocKiTest.XemDuLieuHocKiTest" time="15.690" errors="0" timestamp="2024-03-27T21:23:24 ICT" skipped="0">
  <testcase classname="QuanLyHocKiTest.XemDuLieuHocKiTest" name="Action1" time="2.218"/>
  <system-out/>
  <testcase classname="QuanLyHocKiTest.XemDuLieuHocKiTest" name="Action2" time="4.370"/>
  <system-out/>
  <testcase classname="QuanLyHocKiTest.XemDuLieuHocKiTest" name="Action3" time="4.399"/>
  <system-out/>
  <testcase classname="QuanLyHocKiTest.XemDuLieuHocKiTest" name="Action4" time="4.703"/>
  <system-out/>
</testsuite> <!-- QuanLyHocKiTest.XemDuLieuHocKiTest -->
