<?xml version="1.0" encoding="UTF-8"?>
<!-- Generated by org.testng.reporters.JUnitReportReporter -->
<testsuite hostname="LAPTOP-UAD9QP4G" failures="0" tests="4" name="FUNCTION2.XemChiTietMonHocGVBangBieuHocKy" time="134.491" errors="0" timestamp="2024-03-26T19:59:45 ICT" skipped="0">
  <testcase classname="FUNCTION2.XemChiTietMonHocGVBangBieuHocKy" name="Action2" time="35.203"/>
  <system-out/>
  <testcase classname="FUNCTION2.XemChiTietMonHocGVBangBieuHocKy" name="Action4" time="35.083"/>
  <system-out/>
  <testcase classname="FUNCTION2.XemChiTietMonHocGVBangBieuHocKy" name="Action1" time="29.082"/>
  <system-out/>
  <testcase classname="FUNCTION2.XemChiTietMonHocGVBangBieuHocKy" name="Action3" time="35.123"/>
  <system-out/>
</testsuite> <!-- FUNCTION2.XemChiTietMonHocGVBangBieuHocKy -->
