<?xml version="1.0" encoding="UTF-8"?>
<!-- Generated by org.testng.reporters.JUnitReportReporter -->
<testsuite hostname="LAPTOP-UAD9QP4G" failures="0" tests="2" name="FUNCTION2.ChinhSuaHocKy" time="60.030" errors="0" timestamp="2024-03-19T20:20:21 ICT" skipped="0">
  <testcase classname="FUNCTION2.ChinhSuaHocKy" name="Action4" time="27.900"/>
  <system-out/>
  <testcase classname="FUNCTION2.ChinhSuaHocKy" name="Action3" time="32.130"/>
  <system-out/>
</testsuite> <!-- FUNCTION2.ChinhSuaHocKy -->
