<?xml version="1.0" encoding="UTF-8"?>
<!-- Generated by org.testng.reporters.JUnitReportReporter -->
<testsuite hostname="LAPTOP-UAD9QP4G" failures="0" tests="1" name="HocHamHocViTest.ThemCapBac_Test" time="13.620" errors="0" timestamp="2024-04-07T23:54:08 ICT" skipped="0">
  <testcase classname="HocHamHocViTest.ThemCapBac_Test" name="Action16" time="13.620"/>
  <system-out/>
</testsuite> <!-- HocHamHocViTest.ThemCapBac_Test -->
