<?xml version="1.0" encoding="UTF-8"?>
<!-- Generated by org.testng.reporters.JUnitReportReporter -->
<testsuite hostname="LAPTOP-UAD9QP4G" failures="0" tests="4" name="FUNCTION2.XemTheoCaGiang" time="23.045" errors="0" timestamp="2024-03-20T19:16:28 ICT" skipped="0">
  <testcase classname="FUNCTION2.XemTheoCaGiang" name="Action3" time="6.308"/>
  <system-out/>
  <testcase classname="FUNCTION2.XemTheoCaGiang" name="Action4" time="6.239"/>
  <system-out/>
  <testcase classname="FUNCTION2.XemTheoCaGiang" name="Action2" time="6.254"/>
  <system-out/>
  <testcase classname="FUNCTION2.XemTheoCaGiang" name="Action" time="4.244"/>
  <system-out/>
</testsuite> <!-- FUNCTION2.XemTheoCaGiang -->
