<?xml version="1.0" encoding="UTF-8"?>
<!-- Generated by org.testng.reporters.JUnitReportReporter -->
<testsuite hostname="LAPTOP-UAD9QP4G" failures="0" tests="1" name="FUNCTION2.UpdateUser" time="55.742" errors="0" timestamp="2024-03-10T16:09:35 ICT" skipped="0">
  <testcase classname="FUNCTION2.UpdateUser" name="setup" time="55.742"/>
  <system-out/>
</testsuite> <!-- FUNCTION2.UpdateUser -->
