<?xml version="1.0" encoding="UTF-8"?>
<!-- Generated by org.testng.reporters.JUnitReportReporter -->
<testsuite hostname="LAPTOP-UAD9QP4G" failures="0" tests="3" name="FUNCTIONN.WatchNewsSame" time="14.372" errors="0" timestamp="2024-03-18T20:00:32 ICT" skipped="0">
  <testcase classname="FUNCTIONN.WatchNewsSame" name="views" time="1.084"/>
  <system-out/>
  <testcase classname="FUNCTIONN.WatchNewsSame" name="scrollview" time="6.185"/>
  <system-out/>
  <testcase classname="FUNCTIONN.WatchNewsSame" name="gettile" time="7.103"/>
  <system-out/>
</testsuite> <!-- FUNCTIONN.WatchNewsSame -->
