<?xml version="1.0" encoding="UTF-8"?>
<!-- Generated by org.testng.reporters.JUnitReportReporter -->
<testsuite hostname="LAPTOP-UAD9QP4G" failures="0" tests="16" name="HocHamHocViTest.HienThiDuLieu_HocHamHocVi_Test" time="96.237" errors="0" timestamp="2024-04-07T19:49:52 ICT" skipped="0">
  <testcase classname="HocHamHocViTest.HienThiDuLieu_HocHamHocVi_Test" name="Action1" time="4.461"/>
  <system-out/>
  <testcase classname="HocHamHocViTest.HienThiDuLieu_HocHamHocVi_Test" name="Action3" time="4.399"/>
  <system-out/>
  <testcase classname="HocHamHocViTest.HienThiDuLieu_HocHamHocVi_Test" name="Action4" time="4.340"/>
  <system-out/>
  <testcase classname="HocHamHocViTest.HienThiDuLieu_HocHamHocVi_Test" name="Action2" time="4.372"/>
  <system-out/>
  <testcase classname="HocHamHocViTest.HienThiDuLieu_HocHamHocVi_Test" name="Action5" time="6.453"/>
  <system-out/>
  <testcase classname="HocHamHocViTest.HienThiDuLieu_HocHamHocVi_Test" name="Action6" time="6.486"/>
  <system-out/>
  <testcase classname="HocHamHocViTest.HienThiDuLieu_HocHamHocVi_Test" name="Action7" time="6.569"/>
  <system-out/>
  <testcase classname="HocHamHocViTest.HienThiDuLieu_HocHamHocVi_Test" name="Action8" time="6.590"/>
  <system-out/>
  <testcase classname="HocHamHocViTest.HienThiDuLieu_HocHamHocVi_Test" name="Action9" time="6.475"/>
  <system-out/>
  <testcase classname="HocHamHocViTest.HienThiDuLieu_HocHamHocVi_Test" name="Action10" time="6.525"/>
  <system-out/>
  <testcase classname="HocHamHocViTest.HienThiDuLieu_HocHamHocVi_Test" name="Action11" time="6.592"/>
  <system-out/>
  <testcase classname="HocHamHocViTest.HienThiDuLieu_HocHamHocVi_Test" name="Action12" time="6.742"/>
  <system-out/>
  <testcase classname="HocHamHocViTest.HienThiDuLieu_HocHamHocVi_Test" name="Action13" time="6.358"/>
  <system-out/>
  <testcase classname="HocHamHocViTest.HienThiDuLieu_HocHamHocVi_Test" name="Action14" time="6.498"/>
  <system-out/>
  <testcase classname="HocHamHocViTest.HienThiDuLieu_HocHamHocVi_Test" name="Action15" time="6.722"/>
  <system-out/>
  <testcase classname="HocHamHocViTest.HienThiDuLieu_HocHamHocVi_Test" name="Action16" time="6.655"/>
  <system-out/>
</testsuite> <!-- HocHamHocViTest.HienThiDuLieu_HocHamHocVi_Test -->
