<?xml version="1.0" encoding="UTF-8"?>
<!-- Generated by org.testng.reporters.JUnitReportReporter -->
<testsuite hostname="LAPTOP-UAD9QP4G" failures="0" tests="1" name="FUNCTIONN.LoginFailEmail" time="4.636" errors="0" timestamp="2024-03-18T19:26:33 ICT" skipped="0">
  <testcase classname="FUNCTIONN.LoginFailEmail" name="LoginFailEmail" time="4.636"/>
  <system-out/>
</testsuite> <!-- FUNCTIONN.LoginFailEmail -->
