<?xml version="1.0" encoding="UTF-8"?>
<!-- Generated by org.testng.reporters.JUnitReportReporter -->
<testsuite hostname="LAPTOP-UAD9QP4G" failures="0" tests="4" name="SOGIOQUYDOI.XemChiTietMonHocGVBangBieuHocKy" time="128.466" errors="0" timestamp="2024-03-28T17:16:12 ICT" skipped="0">
  <testcase classname="SOGIOQUYDOI.XemChiTietMonHocGVBangBieuHocKy" name="action1" time="29.163"/>
  <system-out/>
  <testcase classname="SOGIOQUYDOI.XemChiTietMonHocGVBangBieuHocKy" name="action3" time="31.047"/>
  <system-out/>
  <testcase classname="SOGIOQUYDOI.XemChiTietMonHocGVBangBieuHocKy" name="action2" time="33.167"/>
  <system-out/>
  <testcase classname="SOGIOQUYDOI.XemChiTietMonHocGVBangBieuHocKy" name="action4" time="35.089"/>
  <system-out/>
</testsuite> <!-- SOGIOQUYDOI.XemChiTietMonHocGVBangBieuHocKy -->
