<?xml version="1.0" encoding="UTF-8"?>
<!-- Generated by org.testng.reporters.JUnitReportReporter -->
<testsuite hostname="LAPTOP-UAD9QP4G" failures="0" tests="1" name="FUNCTION2.LogOut" time="4.224" errors="0" timestamp="2024-03-12T11:40:02 ICT" skipped="0">
  <testcase classname="FUNCTION2.LogOut" name="Action" time="4.224"/>
  <system-out/>
</testsuite> <!-- FUNCTION2.LogOut -->
