<?xml version="1.0" encoding="UTF-8"?>
<!-- Generated by org.testng.reporters.JUnitReportReporter -->
<testsuite hostname="LAPTOP-UAD9QP4G" failures="0" tests="1" name="FUNCTIONN.ViewNewsMenu" time="8.998" errors="0" timestamp="2024-03-18T19:37:01 ICT" skipped="0">
  <testcase classname="FUNCTIONN.ViewNewsMenu" name="Menu" time="8.998"/>
  <system-out/>
</testsuite> <!-- FUNCTIONN.ViewNewsMenu -->
