<?xml version="1.0" encoding="UTF-8"?>
<!-- Generated by org.testng.reporters.JUnitReportReporter -->
<testsuite hostname="LAPTOP-UAD9QP4G" failures="0" tests="17" name="HocHamHocVi.HienThiDuLieuHocHamHocVi" time="82.180" errors="0" timestamp="2024-03-23T21:23:44 ICT" skipped="0">
  <testcase classname="HocHamHocVi.HienThiDuLieuHocHamHocVi" name="Action" time="4.624"/>
  <system-out/>
  <testcase classname="HocHamHocVi.HienThiDuLieuHocHamHocVi" name="Action2" time="4.742"/>
  <system-out/>
  <testcase classname="HocHamHocVi.HienThiDuLieuHocHamHocVi" name="Action3" time="4.380"/>
  <system-out/>
  <testcase classname="HocHamHocVi.HienThiDuLieuHocHamHocVi" name="Action4" time="4.396"/>
  <system-out/>
  <testcase classname="HocHamHocVi.HienThiDuLieuHocHamHocVi" name="Action5" time="4.444"/>
  <system-out/>
  <testcase classname="HocHamHocVi.HienThiDuLieuHocHamHocVi" name="Action6" time="4.771"/>
  <system-out/>
  <testcase classname="HocHamHocVi.HienThiDuLieuHocHamHocVi" name="Action7" time="5.837"/>
  <system-out/>
  <testcase classname="HocHamHocVi.HienThiDuLieuHocHamHocVi" name="Action8" time="4.590"/>
  <system-out/>
  <testcase classname="HocHamHocVi.HienThiDuLieuHocHamHocVi" name="Action9" time="5.663"/>
  <system-out/>
  <testcase classname="HocHamHocVi.HienThiDuLieuHocHamHocVi" name="Action10" time="4.802"/>
  <system-out/>
  <testcase classname="HocHamHocVi.HienThiDuLieuHocHamHocVi" name="Action11" time="4.883"/>
  <system-out/>
  <testcase classname="HocHamHocVi.HienThiDuLieuHocHamHocVi" name="Action12" time="4.877"/>
  <system-out/>
  <testcase classname="HocHamHocVi.HienThiDuLieuHocHamHocVi" name="Action13" time="4.580"/>
  <system-out/>
  <testcase classname="HocHamHocVi.HienThiDuLieuHocHamHocVi" name="Action14" time="4.849"/>
  <system-out/>
  <testcase classname="HocHamHocVi.HienThiDuLieuHocHamHocVi" name="Action15" time="4.933"/>
  <system-out/>
  <testcase classname="HocHamHocVi.HienThiDuLieuHocHamHocVi" name="Action16" time="5.284"/>
  <system-out/>
  <testcase classname="HocHamHocVi.HienThiDuLieuHocHamHocVi" name="Action17" time="4.525"/>
  <system-out/>
</testsuite> <!-- HocHamHocVi.HienThiDuLieuHocHamHocVi -->
