<?xml version="1.0" encoding="UTF-8"?>
<!-- Generated by org.testng.reporters.JUnitReportReporter -->
<testsuite hostname="LAPTOP-UAD9QP4G" failures="0" tests="1" name="FUNCTIONN.ClickInfographic" time="3.827" errors="0" timestamp="2024-03-16T16:41:20 ICT" skipped="0">
  <testcase classname="FUNCTIONN.ClickInfographic" name="xem" time="3.827"/>
  <system-out/>
</testsuite> <!-- FUNCTIONN.ClickInfographic -->
