<?xml version="1.0" encoding="UTF-8"?>
<!-- Generated by org.testng.reporters.JUnitReportReporter -->
<testsuite hostname="LAPTOP-UAD9QP4G" failures="0" tests="4" name="FUNCTION2.ChiTietMonHocBangBieuHocKyvaXemTheoCaGiang" time="144.454" errors="0" timestamp="2024-03-20T23:53:11 ICT" skipped="0">
  <testcase classname="FUNCTION2.ChiTietMonHocBangBieuHocKyvaXemTheoCaGiang" name="Action3" time="37.089"/>
  <system-out/>
  <testcase classname="FUNCTION2.ChiTietMonHocBangBieuHocKyvaXemTheoCaGiang" name="Action2" time="35.127"/>
  <system-out/>
  <testcase classname="FUNCTION2.ChiTietMonHocBangBieuHocKyvaXemTheoCaGiang" name="Action1" time="33.147"/>
  <system-out/>
  <testcase classname="FUNCTION2.ChiTietMonHocBangBieuHocKyvaXemTheoCaGiang" name="Action4" time="39.091"/>
  <system-out/>
</testsuite> <!-- FUNCTION2.ChiTietMonHocBangBieuHocKyvaXemTheoCaGiang -->
