<?xml version="1.0" encoding="UTF-8"?>
<!-- Generated by org.testng.reporters.JUnitReportReporter -->
<testsuite hostname="LAPTOP-UAD9QP4G" failures="0" tests="1" name="FUNCTION2.AddNewTerm3" time="0.703" errors="0" timestamp="2024-03-11T12:51:44 ICT" skipped="0">
  <testcase classname="FUNCTION2.AddNewTerm3" name="Action" time="0.703"/>
  <system-out/>
</testsuite> <!-- FUNCTION2.AddNewTerm3 -->
