<?xml version="1.0" encoding="UTF-8"?>
<!-- Generated by org.testng.reporters.JUnitReportReporter -->
<testsuite hostname="LAPTOP-UAD9QP4G" failures="0" tests="2" name="FUNCTIONN.ReturnHomePage" time="8.521" errors="0" timestamp="2024-03-18T19:53:44 ICT" skipped="0">
  <testcase classname="FUNCTIONN.ReturnHomePage" name="ClickNews" time="6.021"/>
  <system-out/>
  <testcase classname="FUNCTIONN.ReturnHomePage" name="Return" time="2.500"/>
  <system-out/>
</testsuite> <!-- FUNCTIONN.ReturnHomePage -->
