<?xml version="1.0" encoding="UTF-8"?>
<!-- Generated by org.testng.reporters.JUnitReportReporter -->
<testsuite hostname="LAPTOP-UAD9QP4G" failures="0" tests="1" name="FUNCTION2.AddUser3" time="24.783" errors="0" timestamp="2024-03-12T09:49:05 ICT" skipped="0">
  <testcase classname="FUNCTION2.AddUser3" name="Actions6" time="24.783"/>
  <system-out/>
</testsuite> <!-- FUNCTION2.AddUser3 -->
