<?xml version="1.0" encoding="UTF-8"?>
<!-- Generated by org.testng.reporters.JUnitReportReporter -->
<testsuite hostname="LAPTOP-UAD9QP4G" failures="0" tests="4" name="FUNCTION2.XemTheoCaGiangBangBieuHocKy" time="14.559" errors="0" timestamp="2024-03-21T00:02:42 ICT" skipped="0">
  <testcase classname="FUNCTION2.XemTheoCaGiangBangBieuHocKy" name="Action4" time="4.141"/>
  <system-out/>
  <testcase classname="FUNCTION2.XemTheoCaGiangBangBieuHocKy" name="Action" time="2.088"/>
  <system-out/>
  <testcase classname="FUNCTION2.XemTheoCaGiangBangBieuHocKy" name="Action2" time="4.210"/>
  <system-out/>
  <testcase classname="FUNCTION2.XemTheoCaGiangBangBieuHocKy" name="Action3" time="4.120"/>
  <system-out/>
</testsuite> <!-- FUNCTION2.XemTheoCaGiangBangBieuHocKy -->
