<?xml version="1.0" encoding="UTF-8"?>
<!-- Generated by org.testng.reporters.JUnitReportReporter -->
<testsuite hostname="LAPTOP-UAD9QP4G" failures="0" tests="1" name="FUNCTIONN.ViewNewsLocation" time="4.986" errors="0" timestamp="2024-03-01T22:58:00 ICT" skipped="0">
  <testcase classname="FUNCTIONN.ViewNewsLocation" name="ViewNewsLocation" time="4.986"/>
  <system-out/>
</testsuite> <!-- FUNCTIONN.ViewNewsLocation -->
