<?xml version="1.0" encoding="UTF-8"?>
<!-- Generated by org.testng.reporters.JUnitReportReporter -->
<testsuite hostname="LAPTOP-UAD9QP4G" failures="0" tests="4" name="SOGIOQUYDOITEST.ThongKeSoGioQuyDoi_NamHoc_ChiTiet_Test" time="14.536" errors="0" timestamp="2024-04-06T21:38:36 ICT" skipped="0">
  <testcase classname="SOGIOQUYDOITEST.ThongKeSoGioQuyDoi_NamHoc_ChiTiet_Test" name="Action2" time="4.149"/>
  <system-out/>
  <testcase classname="SOGIOQUYDOITEST.ThongKeSoGioQuyDoi_NamHoc_ChiTiet_Test" name="Action" time="2.056"/>
  <system-out/>
  <testcase classname="SOGIOQUYDOITEST.ThongKeSoGioQuyDoi_NamHoc_ChiTiet_Test" name="Action4" time="4.171"/>
  <system-out/>
  <testcase classname="SOGIOQUYDOITEST.ThongKeSoGioQuyDoi_NamHoc_ChiTiet_Test" name="Action3" time="4.160"/>
  <system-out/>
</testsuite> <!-- SOGIOQUYDOITEST.ThongKeSoGioQuyDoi_NamHoc_ChiTiet_Test -->
