<?xml version="1.0" encoding="UTF-8"?>
<!-- Generated by org.testng.reporters.JUnitReportReporter -->
<testsuite hostname="LAPTOP-UAD9QP4G" failures="0" tests="4" name="FUNCTION2.XemChiTietMonHocGVBangBieu" time="241.150" errors="0" timestamp="2024-03-20T22:02:36 ICT" skipped="0">
  <testcase classname="FUNCTION2.XemChiTietMonHocGVBangBieu" name="Action3" time="64.455"/>
  <system-out/>
  <testcase classname="FUNCTION2.XemChiTietMonHocGVBangBieu" name="Action2" time="64.462"/>
  <system-out/>
  <testcase classname="FUNCTION2.XemChiTietMonHocGVBangBieu" name="Action1" time="47.959"/>
  <system-out/>
  <testcase classname="FUNCTION2.XemChiTietMonHocGVBangBieu" name="Action4" time="64.274"/>
  <system-out/>
</testsuite> <!-- FUNCTION2.XemChiTietMonHocGVBangBieu -->
