<?xml version="1.0" encoding="UTF-8"?>
<!-- Generated by org.testng.reporters.JUnitReportReporter -->
<testsuite hostname="LAPTOP-UAD9QP4G" failures="0" tests="1" name="HocHamHocViTest.XoaCapBac_Test" time="10.516" errors="0" timestamp="2024-04-08T00:26:04 ICT" skipped="0">
  <testcase classname="HocHamHocViTest.XoaCapBac_Test" name="Actions1" time="10.516"/>
  <system-out/>
</testsuite> <!-- HocHamHocViTest.XoaCapBac_Test -->
