<?xml version="1.0" encoding="UTF-8"?>
<!-- Generated by org.testng.reporters.JUnitReportReporter -->
<testsuite hostname="LAPTOP-UAD9QP4G" failures="0" tests="1" name="FUNCTION2.DeleteTerm" time="10.651" errors="0" timestamp="2024-03-09T19:30:22 ICT" skipped="0">
  <testcase classname="FUNCTION2.DeleteTerm" name="Action" time="10.651"/>
  <system-out/>
</testsuite> <!-- FUNCTION2.DeleteTerm -->
