<?xml version="1.0" encoding="UTF-8"?>
<!-- Generated by org.testng.reporters.JUnitReportReporter -->
<testsuite hostname="LAPTOP-UAD9QP4G" failures="0" tests="4" name="FUNCTION2.ChiTietMonHocBangBieuvaXemTheoCaGiang" time="251.728" errors="0" timestamp="2024-03-20T21:49:26 ICT" skipped="0">
  <testcase classname="FUNCTION2.ChiTietMonHocBangBieuvaXemTheoCaGiang" name="Action3" time="66.546"/>
  <system-out/>
  <testcase classname="FUNCTION2.ChiTietMonHocBangBieuvaXemTheoCaGiang" name="Action1" time="49.879"/>
  <system-out/>
  <testcase classname="FUNCTION2.ChiTietMonHocBangBieuvaXemTheoCaGiang" name="Action2" time="66.835"/>
  <system-out/>
  <testcase classname="FUNCTION2.ChiTietMonHocBangBieuvaXemTheoCaGiang" name="Action4" time="68.468"/>
  <system-out/>
</testsuite> <!-- FUNCTION2.ChiTietMonHocBangBieuvaXemTheoCaGiang -->
