<?xml version="1.0" encoding="UTF-8"?>
<!-- Generated by org.testng.reporters.JUnitReportReporter -->
<testsuite hostname="LAPTOP-UAD9QP4G" failures="0" tests="2" name="FUNCTIONN.UpdateProfile" time="32.522" errors="0" timestamp="2024-03-18T19:18:14 ICT" skipped="0">
  <testcase classname="FUNCTIONN.UpdateProfile" name="Login" time="7.351"/>
  <system-out/>
  <testcase classname="FUNCTIONN.UpdateProfile" name="Updateprofile" time="25.171"/>
  <system-out/>
</testsuite> <!-- FUNCTIONN.UpdateProfile -->
