<?xml version="1.0" encoding="UTF-8"?>
<!-- Generated by org.testng.reporters.JUnitReportReporter -->
<testsuite hostname="LAPTOP-UAD9QP4G" failures="0" tests="1" name="FUNCTIONN.TimeLineView" time="8.440" errors="0" timestamp="2024-03-18T20:20:18 ICT" skipped="0">
  <testcase classname="FUNCTIONN.TimeLineView" name="ViewTL" time="8.440"/>
  <system-out/>
</testsuite> <!-- FUNCTIONN.TimeLineView -->
