<?xml version="1.0" encoding="UTF-8"?>
<!-- Generated by org.testng.reporters.JUnitReportReporter -->
<testsuite hostname="LAPTOP-UAD9QP4G" failures="0" tests="4" name="FUNCTION2.XemTheoCaGiangBangBieuNamHoc" time="14.765" errors="0" timestamp="2024-03-21T00:04:16 ICT" skipped="0">
  <testcase classname="FUNCTION2.XemTheoCaGiangBangBieuNamHoc" name="Action2" time="4.193"/>
  <system-out/>
  <testcase classname="FUNCTION2.XemTheoCaGiangBangBieuNamHoc" name="Action4" time="4.342"/>
  <system-out/>
  <testcase classname="FUNCTION2.XemTheoCaGiangBangBieuNamHoc" name="Action" time="2.062"/>
  <system-out/>
  <testcase classname="FUNCTION2.XemTheoCaGiangBangBieuNamHoc" name="Action3" time="4.168"/>
  <system-out/>
</testsuite> <!-- FUNCTION2.XemTheoCaGiangBangBieuNamHoc -->
