<?xml version="1.0" encoding="UTF-8"?>
<!-- Generated by org.testng.reporters.JUnitReportReporter -->
<testsuite hostname="LAPTOP-UAD9QP4G" failures="0" tests="4" name="QuanLyHocKiTest.ThemHocKyTest" time="76.450" errors="0" timestamp="2024-03-30T20:13:25 ICT" skipped="0">
  <testcase classname="QuanLyHocKiTest.ThemHocKyTest" name="Action8" time="15.934"/>
  <system-out/>
  <testcase classname="QuanLyHocKiTest.ThemHocKyTest" name="Action15" time="28.215"/>
  <system-out/>
  <testcase classname="QuanLyHocKiTest.ThemHocKyTest" name="Action7" time="16.498"/>
  <system-out/>
  <testcase classname="QuanLyHocKiTest.ThemHocKyTest" name="Action9" time="15.803"/>
  <system-out/>
</testsuite> <!-- QuanLyHocKiTest.ThemHocKyTest -->
