<?xml version="1.0" encoding="UTF-8"?>
<!-- Generated by org.testng.reporters.JUnitReportReporter -->
<testsuite hostname="LAPTOP-UAD9QP4G" failures="0" tests="4" name="SOGIOQUYDOITEST.ThongKeSoGioQuyDoi_HocKy_BangBieu_XemTheoCaGiang_Test" time="14.487" errors="0" timestamp="2024-04-07T01:39:31 ICT" skipped="0">
  <testcase classname="SOGIOQUYDOITEST.ThongKeSoGioQuyDoi_HocKy_BangBieu_XemTheoCaGiang_Test" name="Action3" time="4.128"/>
  <system-out/>
  <testcase classname="SOGIOQUYDOITEST.ThongKeSoGioQuyDoi_HocKy_BangBieu_XemTheoCaGiang_Test" name="Action4" time="4.136"/>
  <system-out/>
  <testcase classname="SOGIOQUYDOITEST.ThongKeSoGioQuyDoi_HocKy_BangBieu_XemTheoCaGiang_Test" name="Action" time="2.079"/>
  <system-out/>
  <testcase classname="SOGIOQUYDOITEST.ThongKeSoGioQuyDoi_HocKy_BangBieu_XemTheoCaGiang_Test" name="Action2" time="4.144"/>
  <system-out/>
</testsuite> <!-- SOGIOQUYDOITEST.ThongKeSoGioQuyDoi_HocKy_BangBieu_XemTheoCaGiang_Test -->
