<?xml version="1.0" encoding="UTF-8"?>
<!-- Generated by org.testng.reporters.JUnitReportReporter -->
<testsuite hostname="LAPTOP-UAD9QP4G" failures="0" tests="7" name="FUNCTION2.ChinhSuaNguoiDung" time="165.695" errors="0" timestamp="2024-03-17T02:57:40 ICT" skipped="0">
  <testcase classname="FUNCTION2.ChinhSuaNguoiDung" name="Actions" time="20.526"/>
  <system-out/>
  <testcase classname="FUNCTION2.ChinhSuaNguoiDung" name="Actions2" time="24.185"/>
  <system-out/>
  <testcase classname="FUNCTION2.ChinhSuaNguoiDung" name="Actions3" time="17.269"/>
  <system-out/>
  <testcase classname="FUNCTION2.ChinhSuaNguoiDung" name="Actions4" time="23.256"/>
  <system-out/>
  <testcase classname="FUNCTION2.ChinhSuaNguoiDung" name="Actions5" time="21.527"/>
  <system-out/>
  <testcase classname="FUNCTION2.ChinhSuaNguoiDung" name="Actions6" time="24.328"/>
  <system-out/>
  <testcase classname="FUNCTION2.ChinhSuaNguoiDung" name="Actions7" time="34.604"/>
  <system-out/>
</testsuite> <!-- FUNCTION2.ChinhSuaNguoiDung -->
