<?xml version="1.0" encoding="UTF-8"?>
<!-- Generated by org.testng.reporters.JUnitReportReporter -->
<testsuite hostname="LAPTOP-UAD9QP4G" failures="0" tests="4" name="FUNCTION2.ThongKeSoGioQuyDoi_HocKy_ChiTiet" time="14.639" errors="0" timestamp="2024-03-20T23:10:44 ICT" skipped="0">
  <testcase classname="FUNCTION2.ThongKeSoGioQuyDoi_HocKy_ChiTiet" name="Action" time="2.106"/>
  <system-out/>
  <testcase classname="FUNCTION2.ThongKeSoGioQuyDoi_HocKy_ChiTiet" name="Action2" time="4.184"/>
  <system-out/>
  <testcase classname="FUNCTION2.ThongKeSoGioQuyDoi_HocKy_ChiTiet" name="Action4" time="4.196"/>
  <system-out/>
  <testcase classname="FUNCTION2.ThongKeSoGioQuyDoi_HocKy_ChiTiet" name="Action3" time="4.153"/>
  <system-out/>
</testsuite> <!-- FUNCTION2.ThongKeSoGioQuyDoi_HocKy_ChiTiet -->
