<?xml version="1.0" encoding="UTF-8"?>
<!-- Generated by org.testng.reporters.JUnitReportReporter -->
<testsuite hostname="LAPTOP-UAD9QP4G" failures="0" tests="2" name="QuanLyHocKiTest.XoaHocKyTest" time="20.741" errors="0" timestamp="2024-04-06T15:42:29 ICT" skipped="0">
  <testcase classname="QuanLyHocKiTest.XoaHocKyTest" name="Action2" time="10.052"/>
  <system-out/>
  <testcase classname="QuanLyHocKiTest.XoaHocKyTest" name="Action1" time="10.689"/>
  <system-out/>
</testsuite> <!-- QuanLyHocKiTest.XoaHocKyTest -->
