<?xml version="1.0" encoding="UTF-8"?>
<!-- Generated by org.testng.reporters.JUnitReportReporter -->
<testsuite hostname="LAPTOP-UAD9QP4G" failures="0" tests="6" name="HocHamHocVi.HienThiDuLieuCapBac" time="29.218" errors="0" timestamp="2024-03-27T00:20:04 ICT" skipped="0">
  <testcase classname="HocHamHocVi.HienThiDuLieuCapBac" name="Action" time="5.381"/>
  <system-out/>
  <testcase classname="HocHamHocVi.HienThiDuLieuCapBac" name="Action2" time="4.600"/>
  <system-out/>
  <testcase classname="HocHamHocVi.HienThiDuLieuCapBac" name="Action3" time="4.667"/>
  <system-out/>
  <testcase classname="HocHamHocVi.HienThiDuLieuCapBac" name="Action4" time="4.897"/>
  <system-out/>
  <testcase classname="HocHamHocVi.HienThiDuLieuCapBac" name="Action5" time="4.891"/>
  <system-out/>
  <testcase classname="HocHamHocVi.HienThiDuLieuCapBac" name="Action6" time="4.782"/>
  <system-out/>
</testsuite> <!-- HocHamHocVi.HienThiDuLieuCapBac -->
