<?xml version="1.0" encoding="UTF-8"?>
<!-- Generated by org.testng.reporters.JUnitReportReporter -->
<testsuite hostname="LAPTOP-UAD9QP4G" failures="0" tests="8" name="SOGIOQUYDOITEST.TimKiemGiangVien_HocKy_ChiTiet_Test" time="313.093" errors="0" timestamp="2024-04-06T23:19:29 ICT" skipped="0">
  <testcase classname="SOGIOQUYDOITEST.TimKiemGiangVien_HocKy_ChiTiet_Test" name="SearchBangBieu8" time="39.563"/>
  <system-out/>
  <testcase classname="SOGIOQUYDOITEST.TimKiemGiangVien_HocKy_ChiTiet_Test" name="SearchBangBieu3" time="39.736"/>
  <system-out/>
  <testcase classname="SOGIOQUYDOITEST.TimKiemGiangVien_HocKy_ChiTiet_Test" name="SearchBangBieu6" time="39.525"/>
  <system-out/>
  <testcase classname="SOGIOQUYDOITEST.TimKiemGiangVien_HocKy_ChiTiet_Test" name="SearchBangBieu1" time="38.277"/>
  <system-out/>
  <testcase classname="SOGIOQUYDOITEST.TimKiemGiangVien_HocKy_ChiTiet_Test" name="SearchBangBieu2" time="39.748"/>
  <system-out/>
  <testcase classname="SOGIOQUYDOITEST.TimKiemGiangVien_HocKy_ChiTiet_Test" name="SearchBangBieu7" time="39.432"/>
  <system-out/>
  <testcase classname="SOGIOQUYDOITEST.TimKiemGiangVien_HocKy_ChiTiet_Test" name="SearchBangBieu5" time="37.262"/>
  <system-out/>
  <testcase classname="SOGIOQUYDOITEST.TimKiemGiangVien_HocKy_ChiTiet_Test" name="SearchBangBieu4" time="39.550"/>
  <system-out/>
</testsuite> <!-- SOGIOQUYDOITEST.TimKiemGiangVien_HocKy_ChiTiet_Test -->
