<?xml version="1.0" encoding="UTF-8"?>
<!-- Generated by org.testng.reporters.JUnitReportReporter -->
<testsuite hostname="LAPTOP-UAD9QP4G" failures="0" tests="1" name="FUNCTIONN.TimeLineViewFormDown" time="7.691" errors="0" timestamp="2024-03-18T20:22:53 ICT" skipped="0">
  <testcase classname="FUNCTIONN.TimeLineViewFormDown" name="ViewTL" time="7.691"/>
  <system-out/>
</testsuite> <!-- FUNCTIONN.TimeLineViewFormDown -->
