<?xml version="1.0" encoding="UTF-8"?>
<!-- Generated by org.testng.reporters.JUnitReportReporter -->
<testsuite hostname="LAPTOP-UAD9QP4G" failures="0" tests="2" name="HocHamHocViTest.SuaDoiCapBac_Test" time="23.986" errors="0" timestamp="2024-04-07T20:22:51 ICT" skipped="0">
  <testcase classname="HocHamHocViTest.SuaDoiCapBac_Test" name="Action1" time="12.952"/>
  <system-out/>
  <testcase classname="HocHamHocViTest.SuaDoiCapBac_Test" name="Action2" time="11.034"/>
  <system-out/>
</testsuite> <!-- HocHamHocViTest.SuaDoiCapBac_Test -->
