<?xml version="1.0" encoding="UTF-8"?>
<!-- Generated by org.testng.reporters.JUnitReportReporter -->
<testsuite hostname="LAPTOP-UAD9QP4G" failures="0" tests="1" name="FUNCTION2.DeleteUser" time="11.451" errors="0" timestamp="2024-03-19T18:55:44 ICT" skipped="0">
  <testcase classname="FUNCTION2.DeleteUser" name="Action" time="11.451"/>
  <system-out/>
</testsuite> <!-- FUNCTION2.DeleteUser -->
