<?xml version="1.0" encoding="UTF-8"?>
<!-- Generated by org.testng.reporters.JUnitReportReporter -->
<testsuite hostname="LAPTOP-UAD9QP4G" failures="0" tests="4" name="SOGIOQUYDOITEST.ThongKeSoGioQuyDoi_NamHoc_BangBieu_Test" time="14.679" errors="0" timestamp="2024-04-06T21:30:25 ICT" skipped="0">
  <testcase classname="SOGIOQUYDOITEST.ThongKeSoGioQuyDoi_NamHoc_BangBieu_Test" name="Action4" time="4.203"/>
  <system-out/>
  <testcase classname="SOGIOQUYDOITEST.ThongKeSoGioQuyDoi_NamHoc_BangBieu_Test" name="Action3" time="4.208"/>
  <system-out/>
  <testcase classname="SOGIOQUYDOITEST.ThongKeSoGioQuyDoi_NamHoc_BangBieu_Test" name="Action" time="2.051"/>
  <system-out/>
  <testcase classname="SOGIOQUYDOITEST.ThongKeSoGioQuyDoi_NamHoc_BangBieu_Test" name="Action2" time="4.217"/>
  <system-out/>
</testsuite> <!-- SOGIOQUYDOITEST.ThongKeSoGioQuyDoi_NamHoc_BangBieu_Test -->
