<?xml version="1.0" encoding="UTF-8"?>
<!-- Generated by org.testng.reporters.JUnitReportReporter -->
<testsuite hostname="LAPTOP-UAD9QP4G" failures="0" tests="2" name="HocHamHocVi.SuaDoiCapBac" time="25.709" errors="0" timestamp="2024-03-24T03:30:45 ICT" skipped="0">
  <testcase classname="HocHamHocVi.SuaDoiCapBac" name="Action1" time="12.974"/>
  <system-out/>
  <testcase classname="HocHamHocVi.SuaDoiCapBac" name="Action2" time="12.735"/>
  <system-out/>
</testsuite> <!-- HocHamHocVi.SuaDoiCapBac -->
