<?xml version="1.0" encoding="UTF-8"?>
<!-- Generated by org.testng.reporters.JUnitReportReporter -->
<testsuite hostname="LAPTOP-UAD9QP4G" failures="0" tests="2" name="FUNCTIONN.ViewNews" time="11.541" errors="0" timestamp="2024-03-18T19:22:17 ICT" skipped="0">
  <testcase classname="FUNCTIONN.ViewNews" name="Login" time="4.291"/>
  <system-out/>
  <testcase classname="FUNCTIONN.ViewNews" name="views" time="7.250"/>
  <system-out/>
</testsuite> <!-- FUNCTIONN.ViewNews -->
