<?xml version="1.0" encoding="UTF-8"?>
<!-- Generated by org.testng.reporters.JUnitReportReporter -->
<testsuite hostname="LAPTOP-UAD9QP4G" failures="0" tests="8" name="FUNCTION2.TimKiemGiangVienBangBieu" time="288.024" errors="0" timestamp="2024-03-20T17:31:14 ICT" skipped="0">
  <testcase classname="FUNCTION2.TimKiemGiangVienBangBieu" name="SearchBangBieu6" time="39.575"/>
  <system-out/>
  <testcase classname="FUNCTION2.TimKiemGiangVienBangBieu" name="SearchBangBieu1" time="38.652"/>
  <system-out/>
  <testcase classname="FUNCTION2.TimKiemGiangVienBangBieu" name="SearchBangBieu2" time="40.174"/>
  <system-out/>
  <testcase classname="FUNCTION2.TimKiemGiangVienBangBieu" name="SearchBangBieu3" time="40.499"/>
  <system-out/>
  <testcase classname="FUNCTION2.TimKiemGiangVienBangBieu" name="SearchBangBieu5" time="37.599"/>
  <system-out/>
  <testcase classname="FUNCTION2.TimKiemGiangVienBangBieu" name="SearchBangBieu7" time="39.490"/>
  <system-out/>
  <testcase classname="FUNCTION2.TimKiemGiangVienBangBieu" name="SearchBangBieu8" time="39.576"/>
  <system-out/>
  <testcase classname="FUNCTION2.TimKiemGiangVienBangBieu" name="SearchBangBieu4" time="12.459"/>
  <system-out/>
</testsuite> <!-- FUNCTION2.TimKiemGiangVienBangBieu -->
